<?xml version="1.0" encoding="UTF-8"?>
<testsuite name="cl.uchile.dcc.citricliquid.model.board.HomePanelTest" tests="3" skipped="0" failures="0" errors="0" timestamp="2022-06-28T23:54:12" hostname="LAPTOP-R90D6L1S" time="0.023">
  <properties/>
  <testcase name="constructorTest()" classname="cl.uchile.dcc.citricliquid.model.board.HomePanelTest" time="0.018"/>
  <testcase name="activatedByTest()" classname="cl.uchile.dcc.citricliquid.model.board.HomePanelTest" time="0.002"/>
  <testcase name="nextPanelTest()" classname="cl.uchile.dcc.citricliquid.model.board.HomePanelTest" time="0.001"/>
  <system-out><![CDATA[]]></system-out>
  <system-err><![CDATA[]]></system-err>
</testsuite>
